# JRE version: OpenJDK Runtime Environment Temurin-17.0.13+11 (17.0.13+11) (build 17.0.13+11)
# Java VM: OpenJDK 64-Bit Server VM Temurin-17.0.13+11 (17.0.13+11, mixed mode, tiered, compressed oops, compressed class ptrs, parallel gc, windows-amd64)
GC Precious Log:
 CPUs: 12 total, 12 available
 Memory: 7835M
 Large Page Support: Disabled
 NUMA Support: Disabled
 Compressed Oops: Enabled (32-bit)
 Alignments: Space 512K, Generation 512K, Heap 2M
 Heap Min Capacity: 100M
 Heap Initial Capacity: 100M
 Heap Max Capacity: 1G
 Pre-touch: Disabled
 Parallel Workers: 10
Heap:
 PSYoungGen      total 23552K, used 3194K [0x00000000eab00000, 0x00000000ecc80000, 0x0000000100000000)
  eden space 17920K, 3% used [0x00000000eab00000,0x00000000eab9ee48,0x00000000ebc80000)
  from space 5632K, 45% used [0x00000000ec280000,0x00000000ec4ffd00,0x00000000ec800000)
  to   space 3072K, 0% used [0x00000000ec980000,0x00000000ec980000,0x00000000ecc80000)
 ParOldGen       total 345600K, used 282212K [0x00000000c0000000, 0x00000000d5180000, 0x00000000eab00000)
  object space 345600K, 81% used [0x00000000c0000000,0x00000000d13991a8,0x00000000d5180000)
 Metaspace       used 69879K, committed 71040K, reserved 1114112K
  class space    used 7353K, committed 7872K, reserved 1048576K
GC Heap History (20 events):
Event: 9.108 GC heap before
{Heap before GC invocations=143 (full 9):
 PSYoungGen      total 24576K, used 14274K [0x00000000eab00000, 0x00000000ecf00000, 0x0000000100000000)
  eden space 14336K, 99% used [0x00000000eab00000,0x00000000eb8f0ab8,0x00000000eb900000)
  from space 10240K, 0% used [0x00000000eba00000,0x00000000eba00000,0x00000000ec400000)
  to   space 9216K, 0% used [0x00000000ec500000,0x00000000ec500000,0x00000000ece00000)
 ParOldGen       total 300544K, used 251381K [0x00000000c0000000, 0x00000000d2580000, 0x00000000eab00000)
  object space 300544K, 83% used [0x00000000c0000000,0x00000000cf57d710,0x00000000d2580000)
 Metaspace       used 68381K, committed 69568K, reserved 1114112K
  class space    used 7239K, committed 7744K, reserved 1048576K
}
Event: 9.123 GC heap after
{Heap after GC invocations=143 (full 9):
 PSYoungGen      total 23552K, used 7677K [0x00000000eab00000, 0x00000000ecc80000, 0x0000000100000000)
  eden space 15872K, 0% used [0x00000000eab00000,0x00000000eab00000,0x00000000eba80000)
  from space 7680K, 99% used [0x00000000ec500000,0x00000000ecc7f718,0x00000000ecc80000)
  to   space 8704K, 0% used [0x00000000ebb80000,0x00000000ebb80000,0x00000000ec400000)
 ParOldGen       total 300544K, used 255706K [0x00000000c0000000, 0x00000000d2580000, 0x00000000eab00000)
  object space 300544K, 85% used [0x00000000c0000000,0x00000000cf9b6840,0x00000000d2580000)
 Metaspace       used 68381K, committed 69568K, reserved 1114112K
  class space    used 7239K, committed 7744K, reserved 1048576K
}
Event: 9.141 GC heap before
{Heap before GC invocations=144 (full 9):
 PSYoungGen      total 23552K, used 23549K [0x00000000eab00000, 0x00000000ecc80000, 0x0000000100000000)
  eden space 15872K, 100% used [0x00000000eab00000,0x00000000eba80000,0x00000000eba80000)
  from space 7680K, 99% used [0x00000000ec500000,0x00000000ecc7f718,0x00000000ecc80000)
  to   space 8704K, 0% used [0x00000000ebb80000,0x00000000ebb80000,0x00000000ec400000)
 ParOldGen       total 300544K, used 255706K [0x00000000c0000000, 0x00000000d2580000, 0x00000000eab00000)
  object space 300544K, 85% used [0x00000000c0000000,0x00000000cf9b6840,0x00000000d2580000)
 Metaspace       used 68392K, committed 69632K, reserved 1114112K
  class space    used 7239K, committed 7744K, reserved 1048576K
}
Event: 9.148 GC heap after
{Heap after GC invocations=144 (full 9):
 PSYoungGen      total 25600K, used 8685K [0x00000000eab00000, 0x00000000ed880000, 0x0000000100000000)
  eden space 16896K, 0% used [0x00000000eab00000,0x00000000eab00000,0x00000000ebb80000)
  from space 8704K, 99% used [0x00000000ebb80000,0x00000000ec3fb410,0x00000000ec400000)
  to   space 14336K, 0% used [0x00000000eca80000,0x00000000eca80000,0x00000000ed880000)
 ParOldGen       total 300544K, used 260283K [0x00000000c0000000, 0x00000000d2580000, 0x00000000eab00000)
  object space 300544K, 86% used [0x00000000c0000000,0x00000000cfe2ec50,0x00000000d2580000)
 Metaspace       used 68392K, committed 69632K, reserved 1114112K
  class space    used 7239K, committed 7744K, reserved 1048576K
}
Event: 9.182 GC heap before
{Heap before GC invocations=145 (full 9):
 PSYoungGen      total 25600K, used 25441K [0x00000000eab00000, 0x00000000ed880000, 0x0000000100000000)
  eden space 16896K, 99% used [0x00000000eab00000,0x00000000ebb5d098,0x00000000ebb80000)
  from space 8704K, 99% used [0x00000000ebb80000,0x00000000ec3fb410,0x00000000ec400000)
  to   space 14336K, 0% used [0x00000000eca80000,0x00000000eca80000,0x00000000ed880000)
 ParOldGen       total 300544K, used 260283K [0x00000000c0000000, 0x00000000d2580000, 0x00000000eab00000)
  object space 300544K, 86% used [0x00000000c0000000,0x00000000cfe2ec50,0x00000000d2580000)
 Metaspace       used 68392K, committed 69632K, reserved 1114112K
  class space    used 7239K, committed 7744K, reserved 1048576K
}
Event: 9.198 GC heap after
{Heap after GC invocations=145 (full 9):
 PSYoungGen      total 26112K, used 6545K [0x00000000eab00000, 0x00000000ed100000, 0x0000000100000000)
  eden space 19456K, 0% used [0x00000000eab00000,0x00000000eab00000,0x00000000ebe00000)
  from space 6656K, 98% used [0x00000000eca80000,0x00000000ed0e44c8,0x00000000ed100000)
  to   space 9216K, 0% used [0x00000000ebf00000,0x00000000ebf00000,0x00000000ec800000)
 ParOldGen       total 300544K, used 268797K [0x00000000c0000000, 0x00000000d2580000, 0x00000000eab00000)
  object space 300544K, 89% used [0x00000000c0000000,0x00000000d067f718,0x00000000d2580000)
 Metaspace       used 68392K, committed 69632K, reserved 1114112K
  class space    used 7239K, committed 7744K, reserved 1048576K
}
Event: 9.436 GC heap before
{Heap before GC invocations=146 (full 9):
 PSYoungGen      total 26112K, used 26001K [0x00000000eab00000, 0x00000000ed100000, 0x0000000100000000)
  eden space 19456K, 100% used [0x00000000eab00000,0x00000000ebe00000,0x00000000ebe00000)
  from space 6656K, 98% used [0x00000000eca80000,0x00000000ed0e44c8,0x00000000ed100000)
  to   space 9216K, 0% used [0x00000000ebf00000,0x00000000ebf00000,0x00000000ec800000)
 ParOldGen       total 300544K, used 268797K [0x00000000c0000000, 0x00000000d2580000, 0x00000000eab00000)
  object space 300544K, 89% used [0x00000000c0000000,0x00000000d067f718,0x00000000d2580000)
 Metaspace       used 68404K, committed 69632K, reserved 1114112K
  class space    used 7239K, committed 7744K, reserved 1048576K
}
Event: 9.446 GC heap after
{Heap after GC invocations=146 (full 9):
 PSYoungGen      total 29696K, used 9209K [0x00000000eab00000, 0x00000000ee580000, 0x0000000100000000)
  eden space 20480K, 0% used [0x00000000eab00000,0x00000000eab00000,0x00000000ebf00000)
  from space 9216K, 99% used [0x00000000ebf00000,0x00000000ec7fe6e8,0x00000000ec800000)
  to   space 18944K, 0% used [0x00000000ed300000,0x00000000ed300000,0x00000000ee580000)
 ParOldGen       total 300544K, used 276359K [0x00000000c0000000, 0x00000000d2580000, 0x00000000eab00000)
  object space 300544K, 91% used [0x00000000c0000000,0x00000000d0de1e68,0x00000000d2580000)
 Metaspace       used 68404K, committed 69632K, reserved 1114112K
  class space    used 7239K, committed 7744K, reserved 1048576K
}
Event: 9.664 GC heap before
{Heap before GC invocations=147 (full 9):
 PSYoungGen      total 29696K, used 29689K [0x00000000eab00000, 0x00000000ee580000, 0x0000000100000000)
  eden space 20480K, 100% used [0x00000000eab00000,0x00000000ebf00000,0x00000000ebf00000)
  from space 9216K, 99% used [0x00000000ebf00000,0x00000000ec7fe6e8,0x00000000ec800000)
  to   space 18944K, 0% used [0x00000000ed300000,0x00000000ed300000,0x00000000ee580000)
 ParOldGen       total 300544K, used 276359K [0x00000000c0000000, 0x00000000d2580000, 0x00000000eab00000)
  object space 300544K, 91% used [0x00000000c0000000,0x00000000d0de1e68,0x00000000d2580000)
 Metaspace       used 68404K, committed 69632K, reserved 1114112K
  class space    used 7239K, committed 7744K, reserved 1048576K
}
Event: 9.693 GC heap after
{Heap after GC invocations=147 (full 9):
 PSYoungGen      total 34816K, used 18936K [0x00000000eab00000, 0x00000000ef280000, 0x0000000100000000)
  eden space 15872K, 0% used [0x00000000eab00000,0x00000000eab00000,0x00000000eba80000)
  from space 18944K, 99% used [0x00000000ed300000,0x00000000ee57e2c8,0x00000000ee580000)
  to   space 25088K, 0% used [0x00000000eba80000,0x00000000eba80000,0x00000000ed300000)
 ParOldGen       total 300544K, used 280752K [0x00000000c0000000, 0x00000000d2580000, 0x00000000eab00000)
  object space 300544K, 93% used [0x00000000c0000000,0x00000000d122c2c0,0x00000000d2580000)
 Metaspace       used 68404K, committed 69632K, reserved 1114112K
  class space    used 7239K, committed 7744K, reserved 1048576K
}
Event: 9.923 GC heap before
{Heap before GC invocations=148 (full 9):
 PSYoungGen      total 34816K, used 34808K [0x00000000eab00000, 0x00000000ef280000, 0x0000000100000000)
  eden space 15872K, 100% used [0x00000000eab00000,0x00000000eba80000,0x00000000eba80000)
  from space 18944K, 99% used [0x00000000ed300000,0x00000000ee57e2c8,0x00000000ee580000)
  to   space 25088K, 0% used [0x00000000eba80000,0x00000000eba80000,0x00000000ed300000)
 ParOldGen       total 300544K, used 280752K [0x00000000c0000000, 0x00000000d2580000, 0x00000000eab00000)
  object space 300544K, 93% used [0x00000000c0000000,0x00000000d122c2c0,0x00000000d2580000)
 Metaspace       used 68404K, committed 69632K, reserved 1114112K
  class space    used 7239K, committed 7744K, reserved 1048576K
}
Event: 9.961 GC heap after
{Heap after GC invocations=148 (full 9):
 PSYoungGen      total 31744K, used 15757K [0x00000000eab00000, 0x00000000ee180000, 0x0000000100000000)
  eden space 15872K, 0% used [0x00000000eab00000,0x00000000eab00000,0x00000000eba80000)
  from space 15872K, 99% used [0x00000000eba80000,0x00000000ec9e35e0,0x00000000eca00000)
  to   space 18944K, 0% used [0x00000000ecf00000,0x00000000ecf00000,0x00000000ee180000)
 ParOldGen       total 300544K, used 295642K [0x00000000c0000000, 0x00000000d2580000, 0x00000000eab00000)
  object space 300544K, 98% used [0x00000000c0000000,0x00000000d20b6bd0,0x00000000d2580000)
 Metaspace       used 68404K, committed 69632K, reserved 1114112K
  class space    used 7239K, committed 7744K, reserved 1048576K
}
Event: 10.511 GC heap before
{Heap before GC invocations=149 (full 10):
 PSYoungGen      total 31744K, used 31629K [0x00000000eab00000, 0x00000000ee180000, 0x0000000100000000)
  eden space 15872K, 100% used [0x00000000eab00000,0x00000000eba80000,0x00000000eba80000)
  from space 15872K, 99% used [0x00000000eba80000,0x00000000ec9e35e0,0x00000000eca00000)
  to   space 18944K, 0% used [0x00000000ecf00000,0x00000000ecf00000,0x00000000ee180000)
 ParOldGen       total 300544K, used 295642K [0x00000000c0000000, 0x00000000d2580000, 0x00000000eab00000)
  object space 300544K, 98% used [0x00000000c0000000,0x00000000d20b6bd0,0x00000000d2580000)
 Metaspace       used 68426K, committed 69632K, reserved 1114112K
  class space    used 7239K, committed 7744K, reserved 1048576K
}
Event: 10.605 GC heap after
{Heap after GC invocations=149 (full 10):
 PSYoungGen      total 36864K, used 0K [0x00000000eab00000, 0x00000000ee180000, 0x0000000100000000)
  eden space 17920K, 0% used [0x00000000eab00000,0x00000000eab00000,0x00000000ebc80000)
  from space 18944K, 0% used [0x00000000ecf00000,0x00000000ecf00000,0x00000000ee180000)
  to   space 18944K, 0% used [0x00000000ebc80000,0x00000000ebc80000,0x00000000ecf00000)
 ParOldGen       total 345600K, used 277916K [0x00000000c0000000, 0x00000000d5180000, 0x00000000eab00000)
  object space 345600K, 80% used [0x00000000c0000000,0x00000000d0f671a8,0x00000000d5180000)
 Metaspace       used 68426K, committed 69632K, reserved 1114112K
  class space    used 7239K, committed 7744K, reserved 1048576K
}
Event: 10.747 GC heap before
{Heap before GC invocations=150 (full 10):
 PSYoungGen      total 36864K, used 17920K [0x00000000eab00000, 0x00000000ee180000, 0x0000000100000000)
  eden space 17920K, 100% used [0x00000000eab00000,0x00000000ebc80000,0x00000000ebc80000)
  from space 18944K, 0% used [0x00000000ecf00000,0x00000000ecf00000,0x00000000ee180000)
  to   space 18944K, 0% used [0x00000000ebc80000,0x00000000ebc80000,0x00000000ecf00000)
 ParOldGen       total 345600K, used 277916K [0x00000000c0000000, 0x00000000d5180000, 0x00000000eab00000)
  object space 345600K, 80% used [0x00000000c0000000,0x00000000d0f671a8,0x00000000d5180000)
 Metaspace       used 68457K, committed 69632K, reserved 1114112K
  class space    used 7242K, committed 7744K, reserved 1048576K
}
Event: 10.757 GC heap after
{Heap after GC invocations=150 (full 10):
 PSYoungGen      total 29696K, used 11533K [0x00000000eab00000, 0x00000000ed980000, 0x0000000100000000)
  eden space 17920K, 0% used [0x00000000eab00000,0x00000000eab00000,0x00000000ebc80000)
  from space 11776K, 97% used [0x00000000ebc80000,0x00000000ec7c3518,0x00000000ec800000)
  to   space 13824K, 0% used [0x00000000ecc00000,0x00000000ecc00000,0x00000000ed980000)
 ParOldGen       total 345600K, used 277916K [0x00000000c0000000, 0x00000000d5180000, 0x00000000eab00000)
  object space 345600K, 80% used [0x00000000c0000000,0x00000000d0f671a8,0x00000000d5180000)
 Metaspace       used 68457K, committed 69632K, reserved 1114112K
  class space    used 7242K, committed 7744K, reserved 1048576K
}
Event: 37.441 GC heap before
{Heap before GC invocations=151 (full 10):
 PSYoungGen      total 29696K, used 29453K [0x00000000eab00000, 0x00000000ed980000, 0x0000000100000000)
  eden space 17920K, 100% used [0x00000000eab00000,0x00000000ebc80000,0x00000000ebc80000)
  from space 11776K, 97% used [0x00000000ebc80000,0x00000000ec7c3518,0x00000000ec800000)
  to   space 13824K, 0% used [0x00000000ecc00000,0x00000000ecc00000,0x00000000ed980000)
 ParOldGen       total 345600K, used 277916K [0x00000000c0000000, 0x00000000d5180000, 0x00000000eab00000)
  object space 345600K, 80% used [0x00000000c0000000,0x00000000d0f671a8,0x00000000d5180000)
 Metaspace       used 68894K, committed 70080K, reserved 1114112K
  class space    used 7273K, committed 7744K, reserved 1048576K
}
Event: 37.896 GC heap after
{Heap after GC invocations=151 (full 10):
 PSYoungGen      total 19456K, used 1512K [0x00000000eab00000, 0x00000000ecd80000, 0x0000000100000000)
  eden space 17920K, 0% used [0x00000000eab00000,0x00000000eab00000,0x00000000ebc80000)
  from space 1536K, 98% used [0x00000000ecc00000,0x00000000ecd7a018,0x00000000ecd80000)
  to   space 5632K, 0% used [0x00000000ec280000,0x00000000ec280000,0x00000000ec800000)
 ParOldGen       total 345600K, used 282204K [0x00000000c0000000, 0x00000000d5180000, 0x00000000eab00000)
  object space 345600K, 81% used [0x00000000c0000000,0x00000000d13971a8,0x00000000d5180000)
 Metaspace       used 68894K, committed 70080K, reserved 1114112K
  class space    used 7273K, committed 7744K, reserved 1048576K
}
Event: 39.755 GC heap before
{Heap before GC invocations=152 (full 10):
 PSYoungGen      total 19456K, used 19424K [0x00000000eab00000, 0x00000000ecd80000, 0x0000000100000000)
  eden space 17920K, 99% used [0x00000000eab00000,0x00000000ebc7e230,0x00000000ebc80000)
  from space 1536K, 98% used [0x00000000ecc00000,0x00000000ecd7a018,0x00000000ecd80000)
  to   space 5632K, 0% used [0x00000000ec280000,0x00000000ec280000,0x00000000ec800000)
 ParOldGen       total 345600K, used 282204K [0x00000000c0000000, 0x00000000d5180000, 0x00000000eab00000)
  object space 345600K, 81% used [0x00000000c0000000,0x00000000d13971a8,0x00000000d5180000)
 Metaspace       used 69784K, committed 70976K, reserved 1114112K
  class space    used 7346K, committed 7872K, reserved 1048576K
}
Event: 39.763 GC heap after
{Heap after GC invocations=152 (full 10):
 PSYoungGen      total 23552K, used 2559K [0x00000000eab00000, 0x00000000ecc80000, 0x0000000100000000)
  eden space 17920K, 0% used [0x00000000eab00000,0x00000000eab00000,0x00000000ebc80000)
  from space 5632K, 45% used [0x00000000ec280000,0x00000000ec4ffd00,0x00000000ec800000)
  to   space 3072K, 0% used [0x00000000ec980000,0x00000000ec980000,0x00000000ecc80000)
 ParOldGen       total 345600K, used 282212K [0x00000000c0000000, 0x00000000d5180000, 0x00000000eab00000)
  object space 345600K, 81% used [0x00000000c0000000,0x00000000d13991a8,0x00000000d5180000)
 Metaspace       used 69784K, committed 70976K, reserved 1114112K
  class space    used 7346K, committed 7872K, reserved 1048576K
}

