# JRE version: OpenJDK Runtime Environment Temurin-17.0.13+11 (17.0.13+11) (build 17.0.13+11)
# Java VM: OpenJDK 64-Bit Server VM Temurin-17.0.13+11 (17.0.13+11, mixed mode, tiered, compressed oops, compressed class ptrs, parallel gc, windows-amd64)
GC Precious Log:
 CPUs: 12 total, 12 available
 Memory: 7835M
 Large Page Support: Disabled
 NUMA Support: Disabled
 Compressed Oops: Enabled (32-bit)
 Alignments: Space 512K, Generation 512K, Heap 2M
 Heap Min Capacity: 100M
 Heap Initial Capacity: 100M
 Heap Max Capacity: 1G
 Pre-touch: Disabled
 Parallel Workers: 10
Heap:
 PSYoungGen      total 11264K, used 4989K [0x00000000eab00000, 0x00000000eb800000, 0x0000000100000000)
  eden space 10240K, 38% used [0x00000000eab00000,0x00000000eaee5940,0x00000000eb500000)
  from space 1024K, 97% used [0x00000000eb600000,0x00000000eb6f9e88,0x00000000eb700000)
  to   space 1024K, 0% used [0x00000000eb500000,0x00000000eb500000,0x00000000eb600000)
 ParOldGen       total 175104K, used 172877K [0x00000000c0000000, 0x00000000cab00000, 0x00000000eab00000)
  object space 175104K, 98% used [0x00000000c0000000,0x00000000ca8d3560,0x00000000cab00000)
 Metaspace       used 71577K, committed 72896K, reserved 1114112K
  class space    used 7684K, committed 8256K, reserved 1048576K
GC Heap History (20 events):
Event: 8.518 GC heap before
{Heap before GC invocations=71 (full 5):
 PSYoungGen      total 10240K, used 10082K [0x00000000eab00000, 0x00000000eb700000, 0x0000000100000000)
  eden space 8192K, 100% used [0x00000000eab00000,0x00000000eb300000,0x00000000eb300000)
  from space 2048K, 92% used [0x00000000eb500000,0x00000000eb6d88c8,0x00000000eb700000)
  to   space 2048K, 0% used [0x00000000eb300000,0x00000000eb300000,0x00000000eb500000)
 ParOldGen       total 143872K, used 118045K [0x00000000c0000000, 0x00000000c8c80000, 0x00000000eab00000)
  object space 143872K, 82% used [0x00000000c0000000,0x00000000c7347458,0x00000000c8c80000)
 Metaspace       used 69946K, committed 71232K, reserved 1114112K
  class space    used 7504K, committed 8064K, reserved 1048576K
}
Event: 8.520 GC heap after
{Heap after GC invocations=71 (full 5):
 PSYoungGen      total 10240K, used 2045K [0x00000000eab00000, 0x00000000eba00000, 0x0000000100000000)
  eden space 8192K, 0% used [0x00000000eab00000,0x00000000eab00000,0x00000000eb300000)
  from space 2048K, 99% used [0x00000000eb300000,0x00000000eb4ff600,0x00000000eb500000)
  to   space 3584K, 0% used [0x00000000eb680000,0x00000000eb680000,0x00000000eba00000)
 ParOldGen       total 143872K, used 118996K [0x00000000c0000000, 0x00000000c8c80000, 0x00000000eab00000)
  object space 143872K, 82% used [0x00000000c0000000,0x00000000c7435170,0x00000000c8c80000)
 Metaspace       used 69946K, committed 71232K, reserved 1114112K
  class space    used 7504K, committed 8064K, reserved 1048576K
}
Event: 8.557 GC heap before
{Heap before GC invocations=72 (full 5):
 PSYoungGen      total 10240K, used 10237K [0x00000000eab00000, 0x00000000eba00000, 0x0000000100000000)
  eden space 8192K, 100% used [0x00000000eab00000,0x00000000eb300000,0x00000000eb300000)
  from space 2048K, 99% used [0x00000000eb300000,0x00000000eb4ff600,0x00000000eb500000)
  to   space 3584K, 0% used [0x00000000eb680000,0x00000000eb680000,0x00000000eba00000)
 ParOldGen       total 143872K, used 118996K [0x00000000c0000000, 0x00000000c8c80000, 0x00000000eab00000)
  object space 143872K, 82% used [0x00000000c0000000,0x00000000c7435170,0x00000000c8c80000)
 Metaspace       used 70233K, committed 71424K, reserved 1114112K
  class space    used 7530K, committed 8064K, reserved 1048576K
}
Event: 8.561 GC heap after
{Heap after GC invocations=72 (full 5):
 PSYoungGen      total 9728K, used 1508K [0x00000000eab00000, 0x00000000eb800000, 0x0000000100000000)
  eden space 8192K, 0% used [0x00000000eab00000,0x00000000eab00000,0x00000000eb300000)
  from space 1536K, 98% used [0x00000000eb680000,0x00000000eb7f9058,0x00000000eb800000)
  to   space 2560K, 0% used [0x00000000eb300000,0x00000000eb300000,0x00000000eb580000)
 ParOldGen       total 143872K, used 121004K [0x00000000c0000000, 0x00000000c8c80000, 0x00000000eab00000)
  object space 143872K, 84% used [0x00000000c0000000,0x00000000c762b0f0,0x00000000c8c80000)
 Metaspace       used 70233K, committed 71424K, reserved 1114112K
  class space    used 7530K, committed 8064K, reserved 1048576K
}
Event: 8.627 GC heap before
{Heap before GC invocations=73 (full 5):
 PSYoungGen      total 9728K, used 9677K [0x00000000eab00000, 0x00000000eb800000, 0x0000000100000000)
  eden space 8192K, 99% used [0x00000000eab00000,0x00000000eb2fa4d0,0x00000000eb300000)
  from space 1536K, 98% used [0x00000000eb680000,0x00000000eb7f9058,0x00000000eb800000)
  to   space 2560K, 0% used [0x00000000eb300000,0x00000000eb300000,0x00000000eb580000)
 ParOldGen       total 143872K, used 121004K [0x00000000c0000000, 0x00000000c8c80000, 0x00000000eab00000)
  object space 143872K, 84% used [0x00000000c0000000,0x00000000c762b0f0,0x00000000c8c80000)
 Metaspace       used 70565K, committed 71872K, reserved 1114112K
  class space    used 7586K, committed 8192K, reserved 1048576K
}
Event: 8.629 GC heap after
{Heap after GC invocations=73 (full 5):
 PSYoungGen      total 9728K, used 1491K [0x00000000eab00000, 0x00000000eb700000, 0x0000000100000000)
  eden space 8192K, 0% used [0x00000000eab00000,0x00000000eab00000,0x00000000eb300000)
  from space 1536K, 97% used [0x00000000eb300000,0x00000000eb474df8,0x00000000eb480000)
  to   space 2048K, 0% used [0x00000000eb500000,0x00000000eb500000,0x00000000eb700000)
 ParOldGen       total 143872K, used 122333K [0x00000000c0000000, 0x00000000c8c80000, 0x00000000eab00000)
  object space 143872K, 85% used [0x00000000c0000000,0x00000000c77774e8,0x00000000c8c80000)
 Metaspace       used 70565K, committed 71872K, reserved 1114112K
  class space    used 7586K, committed 8192K, reserved 1048576K
}
Event: 8.656 GC heap before
{Heap before GC invocations=74 (full 5):
 PSYoungGen      total 9728K, used 9683K [0x00000000eab00000, 0x00000000eb700000, 0x0000000100000000)
  eden space 8192K, 100% used [0x00000000eab00000,0x00000000eb300000,0x00000000eb300000)
  from space 1536K, 97% used [0x00000000eb300000,0x00000000eb474df8,0x00000000eb480000)
  to   space 2048K, 0% used [0x00000000eb500000,0x00000000eb500000,0x00000000eb700000)
 ParOldGen       total 143872K, used 122333K [0x00000000c0000000, 0x00000000c8c80000, 0x00000000eab00000)
  object space 143872K, 85% used [0x00000000c0000000,0x00000000c77774e8,0x00000000c8c80000)
 Metaspace       used 70654K, committed 71936K, reserved 1114112K
  class space    used 7600K, committed 8192K, reserved 1048576K
}
Event: 8.661 GC heap after
{Heap after GC invocations=74 (full 5):
 PSYoungGen      total 10240K, used 1930K [0x00000000eab00000, 0x00000000eb700000, 0x0000000100000000)
  eden space 8192K, 0% used [0x00000000eab00000,0x00000000eab00000,0x00000000eb300000)
  from space 2048K, 94% used [0x00000000eb500000,0x00000000eb6e2b20,0x00000000eb700000)
  to   space 2048K, 0% used [0x00000000eb300000,0x00000000eb300000,0x00000000eb500000)
 ParOldGen       total 143872K, used 126876K [0x00000000c0000000, 0x00000000c8c80000, 0x00000000eab00000)
  object space 143872K, 88% used [0x00000000c0000000,0x00000000c7be71a8,0x00000000c8c80000)
 Metaspace       used 70654K, committed 71936K, reserved 1114112K
  class space    used 7600K, committed 8192K, reserved 1048576K
}
Event: 8.690 GC heap before
{Heap before GC invocations=75 (full 5):
 PSYoungGen      total 10240K, used 9779K [0x00000000eab00000, 0x00000000eb700000, 0x0000000100000000)
  eden space 8192K, 95% used [0x00000000eab00000,0x00000000eb2aa340,0x00000000eb300000)
  from space 2048K, 94% used [0x00000000eb500000,0x00000000eb6e2b20,0x00000000eb700000)
  to   space 2048K, 0% used [0x00000000eb300000,0x00000000eb300000,0x00000000eb500000)
 ParOldGen       total 143872K, used 126876K [0x00000000c0000000, 0x00000000c8c80000, 0x00000000eab00000)
  object space 143872K, 88% used [0x00000000c0000000,0x00000000c7be71a8,0x00000000c8c80000)
 Metaspace       used 70935K, committed 72192K, reserved 1114112K
  class space    used 7620K, committed 8192K, reserved 1048576K
}
Event: 8.692 GC heap after
{Heap after GC invocations=75 (full 5):
 PSYoungGen      total 10240K, used 2028K [0x00000000eab00000, 0x00000000ebd00000, 0x0000000100000000)
  eden space 8192K, 0% used [0x00000000eab00000,0x00000000eab00000,0x00000000eb300000)
  from space 2048K, 99% used [0x00000000eb300000,0x00000000eb4fb288,0x00000000eb500000)
  to   space 5120K, 0% used [0x00000000eb800000,0x00000000eb800000,0x00000000ebd00000)
 ParOldGen       total 143872K, used 129141K [0x00000000c0000000, 0x00000000c8c80000, 0x00000000eab00000)
  object space 143872K, 89% used [0x00000000c0000000,0x00000000c7e1d628,0x00000000c8c80000)
 Metaspace       used 70935K, committed 72192K, reserved 1114112K
  class space    used 7620K, committed 8192K, reserved 1048576K
}
Event: 8.704 GC heap before
{Heap before GC invocations=76 (full 5):
 PSYoungGen      total 10240K, used 6797K [0x00000000eab00000, 0x00000000ebd00000, 0x0000000100000000)
  eden space 8192K, 58% used [0x00000000eab00000,0x00000000eafa82f8,0x00000000eb300000)
  from space 2048K, 99% used [0x00000000eb300000,0x00000000eb4fb288,0x00000000eb500000)
  to   space 5120K, 0% used [0x00000000eb800000,0x00000000eb800000,0x00000000ebd00000)
 ParOldGen       total 143872K, used 129141K [0x00000000c0000000, 0x00000000c8c80000, 0x00000000eab00000)
  object space 143872K, 89% used [0x00000000c0000000,0x00000000c7e1d628,0x00000000c8c80000)
 Metaspace       used 70945K, committed 72256K, reserved 1114112K
  class space    used 7621K, committed 8192K, reserved 1048576K
}
Event: 8.708 GC heap after
{Heap after GC invocations=76 (full 5):
 PSYoungGen      total 12800K, used 4297K [0x00000000eab00000, 0x00000000ebc80000, 0x0000000100000000)
  eden space 8192K, 0% used [0x00000000eab00000,0x00000000eab00000,0x00000000eb300000)
  from space 4608K, 93% used [0x00000000eb800000,0x00000000ebc32538,0x00000000ebc80000)
  to   space 4608K, 0% used [0x00000000eb380000,0x00000000eb380000,0x00000000eb800000)
 ParOldGen       total 143872K, used 130945K [0x00000000c0000000, 0x00000000c8c80000, 0x00000000eab00000)
  object space 143872K, 91% used [0x00000000c0000000,0x00000000c7fe0648,0x00000000c8c80000)
 Metaspace       used 70945K, committed 72256K, reserved 1114112K
  class space    used 7621K, committed 8192K, reserved 1048576K
}
Event: 8.736 GC heap before
{Heap before GC invocations=77 (full 5):
 PSYoungGen      total 12800K, used 12489K [0x00000000eab00000, 0x00000000ebc80000, 0x0000000100000000)
  eden space 8192K, 100% used [0x00000000eab00000,0x00000000eb300000,0x00000000eb300000)
  from space 4608K, 93% used [0x00000000eb800000,0x00000000ebc32538,0x00000000ebc80000)
  to   space 4608K, 0% used [0x00000000eb380000,0x00000000eb380000,0x00000000eb800000)
 ParOldGen       total 143872K, used 138609K [0x00000000c0000000, 0x00000000c8c80000, 0x00000000eab00000)
  object space 143872K, 96% used [0x00000000c0000000,0x00000000c875c6a0,0x00000000c8c80000)
 Metaspace       used 71149K, committed 72384K, reserved 1114112K
  class space    used 7643K, committed 8192K, reserved 1048576K
}
Event: 8.738 GC heap after
{Heap after GC invocations=77 (full 5):
 PSYoungGen      total 9216K, used 854K [0x00000000eab00000, 0x00000000eb880000, 0x0000000100000000)
  eden space 8192K, 0% used [0x00000000eab00000,0x00000000eab00000,0x00000000eb300000)
  from space 1024K, 83% used [0x00000000eb380000,0x00000000eb4559a0,0x00000000eb480000)
  to   space 2560K, 0% used [0x00000000eb600000,0x00000000eb600000,0x00000000eb880000)
 ParOldGen       total 143872K, used 138856K [0x00000000c0000000, 0x00000000c8c80000, 0x00000000eab00000)
  object space 143872K, 96% used [0x00000000c0000000,0x00000000c879a2b8,0x00000000c8c80000)
 Metaspace       used 71149K, committed 72384K, reserved 1114112K
  class space    used 7643K, committed 8192K, reserved 1048576K
}
Event: 8.765 GC heap before
{Heap before GC invocations=78 (full 5):
 PSYoungGen      total 9216K, used 8275K [0x00000000eab00000, 0x00000000eb880000, 0x0000000100000000)
  eden space 8192K, 90% used [0x00000000eab00000,0x00000000eb23f368,0x00000000eb300000)
  from space 1024K, 83% used [0x00000000eb380000,0x00000000eb4559a0,0x00000000eb480000)
  to   space 2560K, 0% used [0x00000000eb600000,0x00000000eb600000,0x00000000eb880000)
 ParOldGen       total 159232K, used 154176K [0x00000000c0000000, 0x00000000c9b80000, 0x00000000eab00000)
  object space 159232K, 96% used [0x00000000c0000000,0x00000000c96902c8,0x00000000c9b80000)
 Metaspace       used 71224K, committed 72512K, reserved 1114112K
  class space    used 7654K, committed 8192K, reserved 1048576K
}
Event: 8.767 GC heap after
{Heap after GC invocations=78 (full 5):
 PSYoungGen      total 10240K, used 1719K [0x00000000eab00000, 0x00000000eb800000, 0x0000000100000000)
  eden space 8192K, 0% used [0x00000000eab00000,0x00000000eab00000,0x00000000eb300000)
  from space 2048K, 83% used [0x00000000eb600000,0x00000000eb7add00,0x00000000eb800000)
  to   space 2048K, 0% used [0x00000000eb400000,0x00000000eb400000,0x00000000eb600000)
 ParOldGen       total 159232K, used 154866K [0x00000000c0000000, 0x00000000c9b80000, 0x00000000eab00000)
  object space 159232K, 97% used [0x00000000c0000000,0x00000000c973cb38,0x00000000c9b80000)
 Metaspace       used 71224K, committed 72512K, reserved 1114112K
  class space    used 7654K, committed 8192K, reserved 1048576K
}
Event: 8.767 GC heap before
{Heap before GC invocations=79 (full 5):
 PSYoungGen      total 10240K, used 1719K [0x00000000eab00000, 0x00000000eb800000, 0x0000000100000000)
  eden space 8192K, 0% used [0x00000000eab00000,0x00000000eab00000,0x00000000eb300000)
  from space 2048K, 83% used [0x00000000eb600000,0x00000000eb7add00,0x00000000eb800000)
  to   space 2048K, 0% used [0x00000000eb400000,0x00000000eb400000,0x00000000eb600000)
 ParOldGen       total 159232K, used 154866K [0x00000000c0000000, 0x00000000c9b80000, 0x00000000eab00000)
  object space 159232K, 97% used [0x00000000c0000000,0x00000000c973cb38,0x00000000c9b80000)
 Metaspace       used 71224K, committed 72512K, reserved 1114112K
  class space    used 7654K, committed 8192K, reserved 1048576K
}
Event: 8.768 GC heap after
{Heap after GC invocations=79 (full 5):
 PSYoungGen      total 11264K, used 0K [0x00000000eab00000, 0x00000000eb700000, 0x0000000100000000)
  eden space 9216K, 0% used [0x00000000eab00000,0x00000000eab00000,0x00000000eb400000)
  from space 2048K, 0% used [0x00000000eb400000,0x00000000eb400000,0x00000000eb600000)
  to   space 1024K, 0% used [0x00000000eb600000,0x00000000eb600000,0x00000000eb700000)
 ParOldGen       total 159232K, used 157198K [0x00000000c0000000, 0x00000000c9b80000, 0x00000000eab00000)
  object space 159232K, 98% used [0x00000000c0000000,0x00000000c9983818,0x00000000c9b80000)
 Metaspace       used 71224K, committed 72512K, reserved 1114112K
  class space    used 7654K, committed 8192K, reserved 1048576K
}
Event: 8.768 GC heap before
{Heap before GC invocations=80 (full 6):
 PSYoungGen      total 11264K, used 0K [0x00000000eab00000, 0x00000000eb700000, 0x0000000100000000)
  eden space 9216K, 0% used [0x00000000eab00000,0x00000000eab00000,0x00000000eb400000)
  from space 2048K, 0% used [0x00000000eb400000,0x00000000eb400000,0x00000000eb600000)
  to   space 1024K, 0% used [0x00000000eb600000,0x00000000eb600000,0x00000000eb700000)
 ParOldGen       total 159232K, used 157198K [0x00000000c0000000, 0x00000000c9b80000, 0x00000000eab00000)
  object space 159232K, 98% used [0x00000000c0000000,0x00000000c9983818,0x00000000c9b80000)
 Metaspace       used 71224K, committed 72512K, reserved 1114112K
  class space    used 7654K, committed 8192K, reserved 1048576K
}
Event: 8.819 GC heap after
{Heap after GC invocations=80 (full 6):
 PSYoungGen      total 11264K, used 0K [0x00000000eab00000, 0x00000000eb800000, 0x0000000100000000)
  eden space 10240K, 0% used [0x00000000eab00000,0x00000000eab00000,0x00000000eb500000)
  from space 1024K, 0% used [0x00000000eb600000,0x00000000eb600000,0x00000000eb700000)
  to   space 1024K, 0% used [0x00000000eb500000,0x00000000eb500000,0x00000000eb600000)
 ParOldGen       total 175104K, used 144544K [0x00000000c0000000, 0x00000000cab00000, 0x00000000eab00000)
  object space 175104K, 82% used [0x00000000c0000000,0x00000000c8d28020,0x00000000cab00000)
 Metaspace       used 71224K, committed 72512K, reserved 1114112K
  class space    used 7654K, committed 8192K, reserved 1048576K
}

